Question	O	O
-	O	O
32859038	O	O
,	O	O
answer	O	O
-	O	O
32918035	O	O
Question	O	O
-	O	O
8579657	O	O
,	O	O
answer	O	O
-	O	O
8579702	O	O
Question	O	O
-	O	O
19418427	O	O
,	O	O
answer	O	O
-	O	O
19418553	O	O
Question	O	O
-	O	O
28276423	O	O
,	O	O
answer	O	O
-	O	O
28276498	O	O
close	O	B-api_mention
GZIPOutputStream	O	B-api_mention
(	O	I-api_mention
OutputStream	O	I-api_mention
)	O	I-api_mention
IOException	O	B-api_mention
Question	O	O
-	O	O
5868369	O	O
,	O	O
answer	O	O
-	O	O
20593147	O	O
Files	B-api_mention	O
.	I-api_mention	O
lines	I-api_mention	O
lines	B-api_mention	O
:	I-api_mention	O
:	I-api_mention	O
iterator	I-api_mention	O
Question	O	O
-	O	O
24649842	O	O
,	O	O
answer	O	O
-	O	O
24649939	O	O
Question	O	O
-	O	O
14491966	O	O
I	O	O
made	O	O
a	O	O
class	O	O
Question	O	O
-	O	O
19431234	O	O
,	O	O
answer	O	O
-	O	O
23885950	O	O
Instant	B-api_mention	O
ZoneId	B-api_mention	O
Instant	B-api_mention	O
ZonedDateTime	B-api_mention	O
atZone	B-api_mention	O
(	I-api_mention	O
ZoneId	I-api_mention	O
)	I-api_mention	O
Question	O	O
-	O	O
21524642	O	O
,	O	O
answer	O	O
-	O	O
21524694	O	O
Pattern	B-api_mention	O
#	I-api_mention	O
quote	I-api_mention	O
quote	B-api_mention	O
Question	O	O
-	O	O
24609564	O	O
,	O	O
answer	O	O
-	O	O
24609841	O	O
ForkJoinTask	B-api_mention	O
while	O	B-api_mention
(	O	I-api_mention
args	O	I-api_mention
)	O	I-api_mention
while	O	B-api_mention
(	O	I-api_mention
args	O	I-api_mention
)	O	I-api_mention
Question	O	O
-	O	O
8579657	O	O
,	O	O
answer	O	O
-	O	O
33375616	O	O
.	B-api_mention	O
run	I-api_mention	O
(	I-api_mention	O
args	I-api_mention	O
)	I-api_mention	O
Question	O	O
-	O	O
4709175	O	O
,	O	O
answer	O	O
-	O	O
4709284	O	O
Enum	B-api_mention	O
Question	O	O
-	O	O
20877086	O	O
,	O	O
answer	O	O
-	O	O
20889556	O	O
.	I-api_mention	O
low	I-api_mention	O
IntegerCache	B-api_mention	O
.	I-api_mention	O
high	I-api_mention	O
Question	O	O
-	O	O
21488056	O	O
,	O	O
answer	O	O
-	O	O
36242382	O	O
Collections	O	B-api_mention
Question	O	O
-	O	O
26791441	O	O
,	O	O
answer	O	O
-	O	O
26791724	O	O
StringUtils	B-api_mention	O
Question	O	O
-	O	O
28770822	O	O
,	O	O
answer	O	O
-	O	O
28853754	O	O
com	O	B-api_mention
.	O	I-api_mention
sun	O	I-api_mention
.	O	I-api_mention
tools	O	I-api_mention
.	O	I-api_mention
javac	O	I-api_mention
.	O	I-api_mention
processing	O	I-api_mention
.	O	I-api_mention
NativeapiVisitor	O	I-api_mention
Integer	O	B-api_mention
.	O	I-api_mention
h	O	I-api_mention
Long	B-api_mention	O
Short	B-api_mention	O
Question	O	O
-	O	O
23674624	O	O
I	O	O
'	O	O
m	O	O
looking	O	O
Question	O	O
-	O	O
20945049	O	O
,	O	O
answer	O	O
-	O	O
21008747	O	O
Question	O	O
-	O	O
19431234	O	O
Java	O	O
8	O	O
has	O	O
a	O	O
Question	O	O
-	O	O
23932061	O	O
,	O	O
answer	O	O
-	O	O
23932216	O	O
Question	O	O
-	O	O
26791441	O	O
,	O	O
answer	O	O
-	O	O
26877910	O	O
Question	O	O
-	O	O
22501230	O	O
,	O	O
answer	O	O
-	O	O
22511214	O	O
Boolean	B-api_mention	O
Question	O	O
-	O	O
31922866	O	O
,	O	O
answer	O	O
-	O	O
31922994	O	O
Question	O	O
-	O	O
31445024	O	O
I	O	O
'	O	O
m	O	O
trying	O	O
.	O	B-api_mention
add	O	I-api_mention
(	O	I-api_mention
args	O	I-api_mention
)	O	I-api_mention
.	O	B-api_mention
add	O	I-api_mention
(	O	I-api_mention
args	O	I-api_mention
)	O	I-api_mention
Question	O	O
-	O	O
18532488	O	O
,	O	O
answer	O	O
-	O	O
24296741	O	O
Integer	O	B-api_mention
nCopies	B-api_mention	O
.	I-api_mention	O
generate	I-api_mention	O
.	I-api_mention	O
iterate	I-api_mention	O
nCopies	B-api_mention	O
.	I-api_mention	O
range	I-api_mention	O
Question	O	O
-	O	O
28671903	O	O
,	O	O
answer	O	O
-	O	O
28672583	O	O
remove	O	B-api_mention
removals	O	B-api_mention
.	O	I-api_mention
contains	O	I-api_mention
Question	O	O
-	O	O
7520432	O	O
I	O	O
wanted	O	O
to	O	O
clarify	O	O
Question	O	O
-	O	O
18723596	O	O
,	O	O
answer	O	O
-	O	O
18723704	O	O
Question	O	O
-	O	O
6667243	O	O
,	O	O
answer	O	O
-	O	O
6667354	O	O
Question	O	O
-	O	O
5982447	O	O
,	O	O
answer	O	O
-	O	O
5982478	O	O
#	I-api_mention	O
toArray	I-api_mention	O
(	I-api_mention	O
T	I-api_mention	O
[	I-api_mention	O
]	I-api_mention	O
)	I-api_mention	O
Question	O	O
-	O	O
7520432	O	O
,	O	O
answer	O	O
-	O	O
36875991	O	O
.	O	B-api_mention
Object	B-api_mention	O
Question	O	O
-	O	O
32859038	O	O
,	O	O
answer	O	O
-	O	O
32863263	O	O
get	B-api_mention	O
(	I-api_mention	O
args	I-api_mention	O
)	I-api_mention	O
AtomicInteger	O	B-api_mention
AtomicInteger	O	B-api_mention
Question	O	O
-	O	O
32175145	O	O
,	O	O
answer	O	O
-	O	O
32175175	O	O
equals	O	B-api_mention
Question	O	O
-	O	O
18410035	O	O
Being	O	O
somewhat	O	O
new	O	O
to	O	O
Iterator	B-api_mention	O
ListIterator	I-api_mention	O
Stream	O	B-api_mention
Question	O	O
-	O	O
7032070	O	O
,	O	O
answer	O	O
-	O	O
7032180	O	O
Question	O	O
-	O	O
23699371	O	O
,	O	O
answer	O	O
-	O	O
23733628	O	O
Predicate	B-api_mention	O
Predicate	B-api_mention	O
Question	O	O
-	O	O
29328785	O	O
#	O	O
pre	O	O
Compile	O	O
>	O	O
BigDecimals	O	B-api_mention
Question	O	O
-	O	O
16232833	O	O
,	O	O
answer	O	O
-	O	O
16250729	O	O
ResponseEntity	B-api_mention	O
.	I-api_mention	O
status	I-api_mention	O
(	I-api_mention	O
args	I-api_mention	O
)	I-api_mention	O
.	I-api_mention	O
body	I-api_mention	O
(	I-api_mention	O
args	I-api_mention	O
)	I-api_mention	O
Question	O	O
-	O	O
17489250	O	O
,	O	O
answer	O	O
-	O	O
17489376	O	O
Class	B-api_mention	O
Question	O	O
-	O	O
16148575	O	O
,	O	O
answer	O	O
-	O	O
18481387	O	O
SparseArray	B-api_mention	O
Question	O	O
-	O	O
32294367	O	O
,	O	O
answer	O	O
-	O	O
32294898	O	O
stop	B-api_mention	O
(	I-api_mention	O
args	I-api_mention	O
)	I-api_mention	O
Question	O	O
-	O	O
24651403	O	O
,	O	O
answer	O	O
-	O	O
24651855	O	O
setExits	B-api_mention	O
Exits	B-api_mention	O
Question	O	O
-	O	O
5694385	O	O
,	O	O
answer	O	O
-	O	O
5694464	O	O
File	O	B-api_mention
File	O	B-api_mention
Question	O	O
-	O	O
27504925	O	O
,	O	O
answer	O	O
-	O	O
27505121	O	O
Objects	B-api_mention	O
Objects	B-api_mention	O
Array	B-api_mention	O
Question	O	O
-	O	O
27845223	O	O
I	O	O
'	O	O
m	O	O
looking	O	O
URL	B-api_mention	O
URL	B-api_mention	O
.	B-api_mention	O
toURI	I-api_mention	O
(	I-api_mention	O
args	I-api_mention	O
)	I-api_mention	O
URI	B-api_mention	O
URL	B-api_mention	O
getpath	B-api_mention	O
(	I-api_mention	O
)	I-api_mention	O
URI	B-api_mention	O
URL	B-api_mention	O
URL	B-api_mention	O
Question	O	O
-	O	O
14846920	O	O
,	O	O
answer	O	O
-	O	O
14847046	O	O
java	B-api_mention	O
.	I-api_mention	O
util	I-api_mention	O
.	I-api_mention	O
Question	O	O
-	O	O
20918650	O	O
,	O	O
answer	O	O
-	O	O
20918709	O	O
T	B-api_mention	O
T	B-api_mention	O
T	B-api_mention	O
.	I-api_mention	O
class	I-api_mention	O
instanceof	B-api_mention	O
Question	O	O
-	O	O
16232833	O	O
I	O	O
'	O	O
m	O	O
using	O	O
ResponseEntity	B-api_mention	O
Question	O	O
-	O	O
22694884	O	O
,	O	O
answer	O	O
-	O	O
39385411	O	O
Question	O	O
-	O	O
21163108	O	O
,	O	O
answer	O	O
-	O	O
21172732	O	O
ForkJoinPool	B-api_mention	O
Question	O	O
-	O	O
27504925	O	O
The	O	O
Java	O	O
language	O	O
specification	O	O
Question	O	O
-	O	O
29494800	O	O
,	O	O
answer	O	O
-	O	O
29495065	O	O
.	I-api_mention	O
class	I-api_mention	O
Integer	B-api_mention	O
Question	O	O
-	O	O
23699371	O	O
,	O	O
answer	O	O
-	O	O
34731808	O	O
Collections	O	B-api_mention
Question	O	O
-	O	O
34172978	O	O
,	O	O
answer	O	O
-	O	O
34173110	O	O
Question	O	O
-	O	O
14014086	O	O
,	O	O
answer	O	O
-	O	O
20784007	O	O
CrudRepository	B-api_mention	O
PagingAndSortingRepository	B-api_mention	O
JpaRepository	B-api_mention	O
Page	B-api_mention	O
Pageable	B-api_mention	O
CrudRepository	B-api_mention	O
ReadOnlyRepository	B-api_mention	O
save	B-api_mention	O
(	I-api_mention	O
args	I-api_mention	O
)	I-api_mention	O
CrudRepository	B-api_mention	O
Long	O	B-api_mention
Question	O	O
-	O	O
29095967	O	O
,	O	O
answer	O	O
-	O	O
29099896	O	O
Question	O	O
-	O	O
8725387	O	O
,	O	O
answer	O	O
-	O	O
8725550	O	O
Question	O	O
-	O	O
28584669	O	O
,	O	O
answer	O	O
-	O	O
28584954	O	O
Question	O	O
-	O	O
31471444	O	O
,	O	O
answer	O	O
-	O	O
31471530	O	O
)	O	I-api_mention
Question	O	O
-	O	O
32294367	O	O
,	O	O
answer	O	O
-	O	O
32378895	O	O
ThreadLocal	O	B-api_mention
Question	O	O
-	O	O
23932061	O	O
,	O	O
answer	O	O
-	O	O
23936723	O	O
Iterable	O	B-api_mention
Iterable	O	B-api_mention
Question	O	O
-	O	O
31370403	O	O
,	O	O
answer	O	O
-	O	O
31466466	O	O
Graphics	B-api_mention	O
Graphics	B-api_mention	O
Graphics	B-api_mention	O
Graphics	B-api_mention	O
BufferedImage	O	B-api_mention
draw	O	B-api_mention
(	O	I-api_mention
args	O	I-api_mention
)	O	I-api_mention
draw	O	B-api_mention
(	O	I-api_mention
args	O	I-api_mention
)	O	I-api_mention
Question	O	O
-	O	O
24885223	O	O
I	O	O
don	O	O
'	O	O
t	O	O
RecyclerView	B-api_mention	O
onClick	B-api_mention	O
RecyclerView	B-api_mention	O
.	I-api_mention	O
Adapter	I-api_mention	O
Question	O	O
-	O	O
25056607	O	O
,	O	O
answer	O	O
-	O	O
25056878	O	O
Question	O	O
-	O	O
30081520	O	O
I	O	O
am	O	O
aware	O	O
that	O	O
equals	B-api_mention	O
Question	O	O
-	O	O
5031614	O	O
,	O	O
answer	O	O
-	O	O
5032837	O	O
Option	O	B-api_mention
Option	O	B-api_mention
Option	O	B-api_mention
Question	O	O
-	O	O
4818699	O	O
,	O	O
answer	O	O
-	O	O
4818916	O	O
assignation	O	B-api_mention
.	O	I-api_mention
Question	O	O
-	O	O
17781150	O	O
,	O	O
answer	O	O
-	O	O
17781168	O	O
Question	O	O
-	O	O
5839359	O	O
,	O	O
answer	O	O
-	O	O
5839392	O	O
Question	O	O
-	O	O
7520432	O	O
,	O	O
answer	O	O
-	O	O
29226136	O	O
Question	O	O
-	O	O
28818506	O	O
,	O	O
answer	O	O
-	O	O
38560612	O	O
serviceA	O	B-api_mention
(	O	I-api_mention
args	O	I-api_mention
)	O	I-api_mention
.	O	I-api_mention
or	O	I-api_mention
(	O	I-api_mention
args	O	I-api_mention
)	O	I-api_mention
.	O	I-api_mention
or	O	I-api_mention
(	O	I-api_mention
args	O	I-api_mention
)	O	I-api_mention
Question	O	O
-	O	O
28681737	O	O
,	O	O
answer	O	O
-	O	O
28684917	O	O
forEach	O	B-api_mention
UnsupportedOperationException	O	B-api_mention
logger	O	B-api_mention
(	O	I-api_mention
args	O	I-api_mention
)	O	I-api_mention
Question	O	O
-	O	O
29494800	O	O
,	O	O
answer	O	O
-	O	O
29502668	O	O
Class	O	B-api_mention
<	O	I-api_mention
T	O	I-api_mention
>	O	I-api_mention
.	B-api_mention	O
class	I-api_mention	O
Class	O	B-api_mention
<	O	I-api_mention
T	O	I-api_mention
>	O	I-api_mention
Class	O	B-api_mention
<	O	I-api_mention
T	O	I-api_mention
>	O	I-api_mention
Class	O	B-api_mention
<	O	I-api_mention
T	O	I-api_mention
>	O	I-api_mention
Class	O	B-api_mention
<	O	I-api_mention
T	O	I-api_mention
>	O	I-api_mention
.	B-api_mention	O
class	I-api_mention	O
copyOf	B-api_mention	O
(	I-api_mention	O
T	I-api_mention	O
[	I-api_mention	O
]	I-api_mention	O
,	I-api_mention	O
int	I-api_mention	O
)	I-api_mention	O
Question	O	O
-	O	O
29333689	O	O
,	O	O
answer	O	O
-	O	O
29341981	O	O
Question	O	O
-	O	O
7488643	O	O
,	O	O
answer	O	O
-	O	O
7488669	O	O
Question	O	O
-	O	O
8725387	O	O
,	O	O
answer	O	O
-	O	O
8725453	O	O
Lists	B-api_mention	O
Question	O	O
-	O	O
30581531	O	O
What	O	O
is	O	O
the	O	O
maximum	O	O
StackOverflow	O	B-api_mention
Question	O	O
-	O	O
27949213	O	O
,	O	O
answer	O	O
-	O	O
27949581	O	O
String	O	B-api_mention
Question	O	O
-	O	O
7935858	O	O
I	O	O
have	O	O
prepared	O	O
a	O	O
.	O	B-api_mention
split	O	I-api_mention
(	O	I-api_mention
args	O	I-api_mention
)	O	I-api_mention
Question	O	O
-	O	O
12862659	O	O
,	O	O
answer	O	O
-	O	O
12862662	O	O
.	O	I-api_mention
someMethod	O	I-api_mention
(	O	I-api_mention
args	O	I-api_mention
)	O	I-api_mention
Question	O	O
-	O	O
13102045	O	O
,	O	O
answer	O	O
-	O	O
7056786	O	O
Question	O	O
-	O	O
31202946	O	O
,	O	O
answer	O	O
-	O	O
31203252	O	O
Question	O	O
-	O	O
19431234	O	O
,	O	O
answer	O	O
-	O	O
23526153	O	O
Question	O	O
-	O	O
8275499	O	O
,	O	O
answer	O	O
-	O	O
8275761	O	O
Class	B-api_mention	O
Question	O	O
-	O	O
16635398	O	O
,	O	O
answer	O	O
-	O	O
31707746	O	O
forEach	B-api_mention	O
forEach	B-api_mention	O
Question	O	O
-	O	O
21242110	O	O
,	O	O
answer	O	O
-	O	O
27378709	O	O
java	O	B-api_mention
.	O	I-api_mention
util	O	I-api_mention
.	O	I-api_mention
Date	O	I-api_mention
java	B-api_mention	O
.	I-api_mention	O
sql	I-api_mention	O
.	I-api_mention	O
Date	I-api_mention	O
Question	O	O
-	O	O
31922866	O	O
I	O	O
'	O	O
ve	O	O
read	O	O
Optionals	O	B-api_mention
Question	O	O
-	O	O
31188231	O	O
,	O	O
answer	O	O
-	O	O
31190722	O	O
Question	O	O
-	O	O
7707556	O	O
,	O	O
answer	O	O
-	O	O
15870428	O	O
.	O	I-api_mention
)	O	I-api_mention
)	O	I-api_mention
Question	O	O
-	O	O
12552863	O	O
The	O	O
Java	O	O
7	O	O
try	O	O
BufferedWriter	B-api_mention	O
close	B-api_mention	O
close	B-api_mention	O
Question	O	O
-	O	O
5031614	O	O
There	O	O
have	O	O
been	O	O
some	O	O
EclipseLink	O	B-api_mention
List	O	B-api_mention
Set	O	B-api_mention
Object	O	B-api_mention
Map	O	B-api_mention
Set	O	B-api_mention
Collection	O	B-api_mention
EclipseLink	O	B-api_mention
Question	O	O
-	O	O
32693704	O	O
I	O	O
noticed	O	O
something	O	O
strange	O	O
Question	O	O
-	O	O
5585779	O	O
,	O	O
answer	O	O
-	O	O
5585800	O	O
Question	O	O
-	O	O
5585779	O	O
,	O	O
answer	O	O
-	O	O
33233407	O	O
)	O	I-api_mention
NumberUtils	B-api_mention	O
Question	O	O
-	O	O
32323081	O	O
I	O	O
have	O	O
a	O	O
question	O	O
Exception	O	B-api_mention
Supplier	B-api_mention	O
Supplier	B-api_mention	O
Supplier	B-api_mention	O
ThrowingSupplier	O	B-api_mention
Question	O	O
-	O	O
30125296	O	O
,	O	O
answer	O	O
-	O	O
35035659	O	O
Question	O	O
-	O	O
34172978	O	O
,	O	O
answer	O	O
-	O	O
34173658	O	O
Question	O	O
-	O	O
8189466	O	O
,	O	O
answer	O	O
-	O	O
8189786	O	O
next	O	B-api_mention
(	O	I-api_mention
args	O	I-api_mention
)	O	I-api_mention
Question	O	O
-	O	O
19757300	O	O
,	O	O
answer	O	O
-	O	O
19759653	O	O
Throwables	B-api_mention	O
#	I-api_mention	O
propagate	I-api_mention	O
(	I-api_mention	O
Throwable	I-api_mention	O
)	I-api_mention	O
Question	O	O
-	O	O
10066590	O	O
With	O	O
Mockito	O	B-api_mention
,	O	O
I	O	O
Mockito	O	B-api_mention
.	O	B-api_mention
myMethod	O	I-api_mention
(	O	I-api_mention
args	O	I-api_mention
)	O	I-api_mention
anyByteArray	O	B-api_mention
(	O	I-api_mention
args	O	I-api_mention
)	O	I-api_mention
Mockito	O	B-api_mention
Question	O	O
-	O	O
6684665	O	O
,	O	O
answer	O	O
-	O	O
6684822	O	O
Question	O	O
-	O	O
32356762	O	O
,	O	O
answer	O	O
-	O	O
32357149	O	O
is	O	I-api_mention
O	O	I-api_mention
(	O	I-api_mention
args	O	I-api_mention
)	O	I-api_mention
Question	O	O
-	O	O
29095967	O	O
I	O	O
have	O	O
this	O	O
list	O	O
Question	O	O
-	O	O
12468764	O	O
,	O	O
answer	O	O
-	O	O
24537575	O	O
Question	O	O
-	O	O
31370403	O	O
I	O	O
'	O	O
m	O	O
currently	O	O
Question	O	O
-	O	O
7032070	O	O
,	O	O
answer	O	O
-	O	O
7032144	O	O
Question	O	O
-	O	O
8777257	O	O
,	O	O
answer	O	O
-	O	O
8777312	O	O
Object	O	B-api_mention
Question	O	O
-	O	O
6667243	O	O
,	O	O
answer	O	O
-	O	O
25575077	O	O
Question	O	O
-	O	O
32046078	O	O
I	O	O
have	O	O
a	O	O
server	O	O
AsyncResult	O	B-api_mention
java	B-api_mention	O
.	I-api_mention	O
util	I-api_mention	O
.	I-api_mention	O
function	I-api_mention	O
.	I-api_mention	O
Function	I-api_mention	O
Question	O	O
-	O	O
20129762	O	O
,	O	O
answer	O	O
-	O	O
20130131	O	O
Question	O	O
-	O	O
8894258	O	O
,	O	O
answer	O	O
-	O	O
22676782	O	O
str	O	B-api_mention
Question	O	O
-	O	O
29095967	O	O
,	O	O
answer	O	O
-	O	O
29096777	O	O
.	O	B-api_mention
addAll	O	I-api_mention
(	O	I-api_mention
args	O	I-api_mention
)	O	I-api_mention
splitBySeparator	O	B-api_mention
(	O	I-api_mention
args	O	I-api_mention
)	O	I-api_mention
Question	O	O
-	O	O
8725387	O	O
,	O	O
answer	O	O
-	O	O
8725518	O	O
list	B-api_mention	O
list	B-api_mention	O
Question	O	O
-	O	O
7283338	O	O
,	O	O
answer	O	O
-	O	O
7283475	O	O
Set	O	B-api_mention
Set	B-api_mention	O
Set	B-api_mention	O
get	O	B-api_mention
.	O	I-api_mention
Question	O	O
-	O	O
12576156	O	O
,	O	O
answer	O	O
-	O	O
12576308	O	O
Question	O	O
-	O	O
14491966	O	O
,	O	O
answer	O	O
-	O	O
14513598	O	O
Question	O	O
-	O	O
24885223	O	O
,	O	O
answer	O	O
-	O	O
29841832	O	O
Question	O	O
-	O	O
6094575	O	O
,	O	O
answer	O	O
-	O	O
26159586	O	O
Question	O	O
-	O	O
27908213	O	O
,	O	O
answer	O	O
-	O	O
27908402	O	O
Question	O	O
-	O	O
16635398	O	O
,	O	O
answer	O	O
-	O	O
20177092	O	O
forEach	B-api_mention	O
Consumer	B-api_mention	O
ExecutorService	B-api_mention	O
ExecutorService	B-api_mention	O
Question	O	O
-	O	O
5785745	O	O
,	O	O
answer	O	O
-	O	O
15962949	O	O
Object	B-api_mention	O
Question	O	O
-	O	O
25056607	O	O
,	O	O
answer	O	O
-	O	O
25056821	O	O
Question	O	O
-	O	O
11774099	O	O
,	O	O
answer	O	O
-	O	O
11774137	O	O
Question	O	O
-	O	O
5585779	O	O
,	O	O
answer	O	O
-	O	O
36394016	O	O
Integer	O	B-api_mention
Question	O	O
-	O	O
32820722	O	O
,	O	O
answer	O	O
-	O	O
32820984	O	O
Function	B-api_mention	O
<	I-api_mention	O
IntUnaryOperator	I-api_mention	O
>	I-api_mention	O
Question	O	O
-	O	O
29183904	O	O
I	O	O
used	O	O
to	O	O
define	O	O
View	O	B-api_mention
.	O	I-api_mention
GONE	O	I-api_mention
putSerializable	O	B-api_mention
(	O	I-api_mention
args	O	I-api_mention
)	O	I-api_mention
putString	O	B-api_mention
(	O	I-api_mention
args	O	I-api_mention
)	O	I-api_mention
Question	O	O
-	O	O
5011932	O	O
I	O	O
am	O	O
storing	O	O
a	O	O
Question	O	O
-	O	O
20945049	O	O
We	O	O
all	O	O
know	O	O
that	O	O
Question	O	O
-	O	O
4812570	O	O
,	O	O
answer	O	O
-	O	O
4812585	O	O
Question	O	O
-	O	O
9749746	O	O
,	O	O
answer	O	O
-	O	O
9749864	O	O
AtomicInteger	O	B-api_mention
atomic	B-api_mention	O
Integer	O	B-api_mention
Question	O	O
-	O	O
5785745	O	O
,	O	O
answer	O	O
-	O	O
34845194	O	O
System	B-api_mention	O
.	I-api_mention	O
arraycopy	I-api_mention	O
Question	O	O
-	O	O
31170459	O	O
I	O	O
was	O	O
testing	O	O
boundary	O	O
intValue	O	B-api_mention
(	O	I-api_mention
args	O	I-api_mention
)	O	I-api_mention
Question	O	O
-	O	O
32356762	O	O
,	O	O
answer	O	O
-	O	O
32357142	O	O
Question	O	O
-	O	O
5374311	O	O
,	O	O
answer	O	O
-	O	O
5374346	O	O
Question	O	O
-	O	O
31922866	O	O
,	O	O
answer	O	O
-	O	O
31923211	O	O
Question	O	O
-	O	O
6271417	O	O
,	O	O
answer	O	O
-	O	O
6271520	O	O
Question	O	O
-	O	O
8777257	O	O
,	O	O
answer	O	O
-	O	O
8777279	O	O
Question	O	O
-	O	O
32859038	O	O
,	O	O
answer	O	O
-	O	O
32859065	O	O
Map	O	B-api_mention
Question	O	O
-	O	O
29095967	O	O
,	O	O
answer	O	O
-	O	O
29098447	O	O
Question	O	O
-	O	O
9297899	O	O
We	O	O
can	O	O
determine	O	O
the	O	O
Array	O	B-api_mention
Array	O	B-api_mention
Question	O	O
-	O	O
27908213	O	O
,	O	O
answer	O	O
-	O	O
27908302	O	O
.	O	B-api_mention
equals	O	I-api_mention
Question	O	O
-	O	O
10786042	O	O
,	O	O
answer	O	O
-	O	O
16226168	O	O
HttpClient	B-api_mention	O
Question	O	O
-	O	O
14846920	O	O
,	O	O
answer	O	O
-	O	O
14846960	O	O
Collections	B-api_mention	O
emptySet	B-api_mention	O
Collections	B-api_mention	O
emptyList	B-api_mention	O
Collections	B-api_mention	O
Question	O	O
-	O	O
34250207	O	O
As	O	O
I	O	O
recall	O	O
,	O	O
ArrayList	O	B-api_mention
Question	O	O
-	O	O
28319064	O	O
,	O	O
answer	O	O
-	O	O
28319221	O	O
Question	O	O
-	O	O
7935858	O	O
,	O	O
answer	O	O
-	O	O
7935873	O	O
Question	O	O
-	O	O
29140402	O	O
,	O	O
answer	O	O
-	O	O
38628203	O	O
Question	O	O
-	O	O
6271417	O	O
,	O	O
answer	O	O
-	O	O
6271668	O	O
Question	O	O
-	O	O
24676877	O	O
,	O	O
answer	O	O
-	O	O
24681959	O	O
Stream	O	B-api_mention
Streams	B-api_mention	O
Stream	O	B-api_mention
Stream	O	B-api_mention
java	B-api_mention	O
.	I-api_mention	O
nio	I-api_mention	O
.	I-api_mention	O
file	I-api_mention	O
.	I-api_mention	O
Files	I-api_mention	O
readAllLines	B-api_mention	O
lines	B-api_mention	O
Question	O	O
-	O	O
19235606	O	O
,	O	O
answer	O	O
-	O	O
19235863	O	O
Iterator	B-api_mention	O
(	O	I-api_mention
args	O	I-api_mention
)	O	I-api_mention
Question	O	O
-	O	O
18448671	O	O
,	O	O
answer	O	O
-	O	O
18448699	O	O
Question	O	O
-	O	O
21375659	O	O
,	O	O
answer	O	O
-	O	O
21375716	O	O
toLowerCase	B-api_mention	O
String	B-api_mention	O
Question	O	O
-	O	O
17489250	O	O
,	O	O
answer	O	O
-	O	O
17489410	O	O
Question	O	O
-	O	O
5031614	O	O
,	O	O
answer	O	O
-	O	O
5103360	O	O
equals	O	B-api_mention
(	O	I-api_mention
args	O	I-api_mention
)	O	I-api_mention
hashCode	O	B-api_mention
(	O	I-api_mention
args	O	I-api_mention
)	O	I-api_mention
setUuid	O	B-api_mention
(	O	I-api_mention
args	O	I-api_mention
)	O	I-api_mention
Question	O	O
-	O	O
25903137	O	O
,	O	O
answer	O	O
-	O	O
25905196	O	O
keySet	B-api_mention	O
Question	O	O
-	O	O
28584669	O	O
,	O	O
answer	O	O
-	O	O
28588854	O	O
SaturatedColor	O	B-api_mention
Question	O	O
-	O	O
5243754	O	O
,	O	O
answer	O	O
-	O	O
34295445	O	O
Question	O	O
-	O	O
31993377	O	O
Question	O	O
How	O	O
is	O	O
it	O	O
Question	O	O
-	O	O
20331163	O	O
,	O	O
answer	O	O
-	O	O
20331243	O	O
(	O	I-api_mention
)	O	I-api_mention
Question	O	O
-	O	O
11408427	O	O
,	O	O
answer	O	O
-	O	O
11408482	O	O
Question	O	O
-	O	O
25850328	O	O
,	O	O
answer	O	O
-	O	O
25850622	O	O
marker	O	B-api_mention
Interfaces	B-api_mention	O
Question	O	O
-	O	O
31922866	O	O
,	O	O
answer	O	O
-	O	O
31923105	O	O
Optional	O	B-api_mention
Question	O	O
-	O	O
29229373	O	O
I	O	O
have	O	O
the	O	O
following	O	O
Question	O	O
-	O	O
5868369	O	O
,	O	O
answer	O	O
-	O	O
31265714	O	O
lines	B-api_mention	O
(	I-api_mention	O
args	I-api_mention	O
)	I-api_mention	O
Question	O	O
-	O	O
29945627	O	O
,	O	O
answer	O	O
-	O	O
29945754	O	O
Question	O	O
-	O	O
31188231	O	O
,	O	O
answer	O	O
-	O	O
31188818	O	O
Question	O	O
-	O	O
20363719	O	O
,	O	O
answer	O	O
-	O	O
34675066	O	O
Functions	O	B-api_mention
Functions	O	B-api_mention
Functions	O	B-api_mention
Question	O	O
-	O	O
32676771	O	O
,	O	O
answer	O	O
-	O	O
32677400	O	O
AtomicDouble	O	B-api_mention
AtomicDoubleArray	O	B-api_mention
AtomicLongArray	O	B-api_mention
AtomicLongArray	O	B-api_mention
accumulateAndGet	O	B-api_mention
AtomicLongArray	O	B-api_mention
AtomicDoubleArray	O	B-api_mention
Question	O	O
-	O	O
32175145	O	O
,	O	O
answer	O	O
-	O	O
32175224	O	O
Boolean	B-api_mention	O
Question	O	O
-	O	O
27908213	O	O
Are	O	O
enum	O	O
names	O	O
interned	O	O
.	O	B-api_mention
name	O	I-api_mention
(	O	I-api_mention
args	O	I-api_mention
)	O	I-api_mention
.	O	B-api_mention
name	O	I-api_mention
(	O	I-api_mention
args	O	I-api_mention
)	O	I-api_mention
Question	O	O
-	O	O
25222811	O	O
,	O	O
answer	O	O
-	O	O
26676046	O	O
Application	B-api_mention	O
API	O	B-api_mention
(	O	I-api_mention
args	O	I-api_mention
)	O	I-api_mention
Question	O	O
-	O	O
16148575	O	O
,	O	O
answer	O	O
-	O	O
16148619	O	O
Question	O	O
-	O	O
17828584	O	O
,	O	O
answer	O	O
-	O	O
17832168	O	O
println	B-api_mention	O
main	O	B-api_mention
(	O	I-api_mention
args	O	I-api_mention
)	O	I-api_mention
println	B-api_mention	O
println	B-api_mention	O
println	B-api_mention	O
println	B-api_mention	O
Question	O	O
-	O	O
18263489	O	O
,	O	O
answer	O	O
-	O	O
29873100	O	O
Question	O	O
-	O	O
8894258	O	O
,	O	O
answer	O	O
-	O	O
8894348	O	O
str	B-api_mention	O
.	I-api_mention	O
charAt	I-api_mention	O
String	O	B-api_mention
System	B-api_mention	O
.	I-api_mention	O
arraycopy	I-api_mention	O
Question	O	O
-	O	O
22561614	O	O
,	O	O
answer	O	O
-	O	O
22561687	O	O
resp	O	I-api_mention
Question	O	O
-	O	O
23674624	O	O
,	O	O
answer	O	O
-	O	O
23674719	O	O
.	I-api_mention	O
boxed	I-api_mention	O
theIntStream	O	B-api_mention
Question	O	O
-	O	O
16635398	O	O
,	O	O
answer	O	O
-	O	O
16636899	O	O
Question	O	O
-	O	O
28584669	O	O
,	O	O
answer	O	O
-	O	O
28584932	O	O
Double	O	B-api_mention
.	O	I-api_mention
POSITIVE	O	I-api_mention
_	O	I-api_mention
INFINITY	O	I-api_mention
Double	O	B-api_mention
.	O	I-api_mention
MAX	O	I-api_mention
_	O	I-api_mention
VALUE	O	I-api_mention
Double	O	B-api_mention
.	O	I-api_mention
MAX	O	I-api_mention
_	O	I-api_mention
VALUE	O	I-api_mention
Question	O	O
-	O	O
24676877	O	O
,	O	O
answer	O	O
-	O	O
24679745	O	O
getFooStream	O	B-api_mention
(	O	I-api_mention
args	O	I-api_mention
)	O	I-api_mention
Stream	O	B-api_mention
Question	O	O
-	O	O
21163108	O	O
,	O	O
answer	O	O
-	O	O
22269778	O	O
ForkJoinTask	B-api_mention	O
.	I-api_mention	O
fork	I-api_mention	O
Question	O	O
-	O	O
22036885	O	O
,	O	O
answer	O	O
-	O	O
22037068	O	O
Question	O	O
-	O	O
23453287	O	O
One	O	O
of	O	O
the	O	O
most	O	O
Question	O	O
-	O	O
14534767	O	O
,	O	O
answer	O	O
-	O	O
14534791	O	O
Question	O	O
-	O	O
32714194	O	O
String	B-api_mention	B-api_mention
is	O	O
a	O	O
special	O	O
Question	O	O
-	O	O
18723596	O	O
,	O	O
answer	O	O
-	O	O
18723651	O	O
Println	O	B-api_mention
(	O	I-api_mention
args	O	I-api_mention
)	O	I-api_mention
Print	O	B-api_mention
(	O	I-api_mention
args	O	I-api_mention
)	O	I-api_mention
Question	O	O
-	O	O
16635398	O	O
,	O	O
answer	O	O
-	O	O
25855691	O	O
.	O	I-api_mention
Question	O	O
-	O	O
5071040	O	O
,	O	O
answer	O	O
-	O	O
22547954	O	O
Question	O	O
-	O	O
15430247	O	O
The	O	O
usual	O	O
constructor	O	O
of	O	O
Question	O	O
-	O	O
10796160	O	O
,	O	O
answer	O	O
-	O	O
10796174	O	O
.	O	B-api_mention
split	B-api_mention	O
String	O	B-api_mention
.	O	B-api_mention
Pattern	B-api_mention	O
.	I-api_mention	O
quote	I-api_mention	O
Question	O	O
-	O	O
21488056	O	O
,	O	O
answer	O	O
-	O	O
30506585	O	O
Predicate	B-api_mention	O
String	B-api_mention	O
:	I-api_mention	O
:	I-api_mention	O
isEmpty	I-api_mention	O
.	B-api_mention	O
negate	I-api_mention	O
(	I-api_mention	O
args	I-api_mention	O
)	I-api_mention	O
Predicate	B-api_mention	O
Question	O	O
-	O	O
28770822	O	O
I	O	O
understand	O	O
the	O	O
use	O	O
MAX	O	B-api_mention
_	O	I-api_mention
VALUE	O	I-api_mention
MIN	O	B-api_mention
_	O	I-api_mention
VALUE	O	I-api_mention
Question	O	O
-	O	O
14534767	O	O
,	O	O
answer	O	O
-	O	O
14534798	O	O
Question	O	O
-	O	O
5243754	O	O
What	O	O
is	O	O
the	O	O
difference	O	O
Question	O	O
-	O	O
8172420	O	O
,	O	O
answer	O	O
-	O	O
8172439	O	O
(	I-api_mention	O
char	I-api_mention	O
[	I-api_mention	O
]	I-api_mention	O
,	I-api_mention	O
boolean	I-api_mention	O
)	I-api_mention	O
Question	O	O
-	O	O
28818506	O	O
,	O	O
answer	O	O
-	O	O
28821352	O	O
.	O	B-api_mention
map	O	I-api_mention
(	O	I-api_mention
args	O	I-api_mention
)	O	I-api_mention
.	O	I-api_mention
orElseGet	O	I-api_mention
(	O	I-api_mention
args	O	I-api_mention
)	O	I-api_mention
.	O	I-api_mention
map	O	I-api_mention
(	O	I-api_mention
args	O	I-api_mention
)	O	I-api_mention
.	O	I-api_mention
orElseGet	O	I-api_mention
(	O	I-api_mention
args	O	I-api_mention
)	O	I-api_mention
.	O	I-api_mention
map	O	I-api_mention
(	O	I-api_mention
args	O	I-api_mention
)	O	I-api_mention
.	O	I-api_mention
orElseGet	O	I-api_mention
(	O	I-api_mention
args	O	I-api_mention
)	O	I-api_mention
.	O	B-api_mention
map	O	I-api_mention
(	O	I-api_mention
args	O	I-api_mention
)	O	I-api_mention
.	O	I-api_mention
orElseGet	O	I-api_mention
(	O	I-api_mention
args	O	I-api_mention
)	O	I-api_mention
func	O	B-api_mention
(	O	I-api_mention
args	O	I-api_mention
)	O	I-api_mention
sup	O	B-api_mention
.	O	I-api_mention
get	O	I-api_mention
(	O	I-api_mention
args	O	I-api_mention
)	O	I-api_mention
serviceA	O	B-api_mention
(	O	I-api_mention
args	O	I-api_mention
)	O	I-api_mention
serviceB	O	B-api_mention
(	O	I-api_mention
args	O	I-api_mention
)	O	I-api_mention
Question	O	O
-	O	O
16148575	O	O
,	O	O
answer	O	O
-	O	O
16149160	O	O
myMap	O	B-api_mention
.	O	I-api_mention
Integer	O	B-api_mention
Question	O	O
-	O	O
27949213	O	O
,	O	O
answer	O	O
-	O	O
27949367	O	O
Question	O	O
-	O	O
5374311	O	O
,	O	O
answer	O	O
-	O	O
17909134	O	O
String	B-api_mention	O
Integer	O	B-api_mention
Question	O	O
-	O	O
18410035	O	O
,	O	O
answer	O	O
-	O	O
37409771	O	O
Question	O	O
-	O	O
29494800	O	O
,	O	O
answer	O	O
-	O	O
29500496	O	O
.	B-api_mention	O
class	I-api_mention	O
Question	O	O
-	O	O
20877086	O	O
,	O	O
answer	O	O
-	O	O
20877161	O	O
.	O	B-api_mention
.	O	I-api_mention
(	O	I-api_mention
,	O	I-api_mention
int	O	I-api_mention
)	O	I-api_mention
valueOf	B-api_mention	O
Question	O	O
-	O	O
19235606	O	O
I	O	O
am	O	O
having	O	O
trouble	O	O
Question	O	O
-	O	O
15336477	O	O
All	O	O
I	O	O
'	O	O
m	O	O
HttpClient	B-api_mention	O
Question	O	O
-	O	O
28459498	O	O
,	O	O
answer	O	O
-	O	O
28459604	O	O
Streams	O	B-api_mention
Collections	O	B-api_mention
Iterator	O	B-api_mention
Stream	O	B-api_mention
Stream	O	B-api_mention
Streams	O	B-api_mention
Collections	O	B-api_mention
Iterable	B-api_mention	O
IEnumerable	O	B-api_mention
<	O	I-api_mention
T	O	I-api_mention
>	O	I-api_mention
QuickSort	O	I-api_mention
(	O	I-api_mention
args	O	I-api_mention
)	O	I-api_mention
IEnumerable	O	B-api_mention
<	O	I-api_mention
T	O	I-api_mention
>	O	I-api_mention
List	O	B-api_mention
Iterable	B-api_mention	O
Question	O	O
-	O	O
8157755	O	O
,	O	O
answer	O	O
-	O	O
8157791	O	O
Question	O	O
-	O	O
12552863	O	O
,	O	O
answer	O	O
-	O	O
12619799	O	O
Question	O	O
-	O	O
24603186	O	O
,	O	O
answer	O	O
-	O	O
24603187	O	O
.	I-api_mention	O
(	I-api_mention	O
parallelS	I-api_mention	O
|	I-api_mention	O
s	I-api_mention	O
)	I-api_mention	O
tream	I-api_mention	O
(	I-api_mention	O
args	I-api_mention	O
)	I-api_mention	O
.	O	B-api_mention
.	O	B-api_mention
parallel	B-api_mention	O
(	I-api_mention	O
args	I-api_mention	O
)	I-api_mention	O
Question	O	O
-	O	O
32475166	O	O
,	O	O
answer	O	O
-	O	O
32476850	O	O
Member	O	B-api_mention
Question	O	O
-	O	O
6608795	O	O
I	O	O
wonder	O	O
what	O	O
the	O	O
Class	B-api_mention	O
ClassLoader	B-api_mention	O
Question	O	O
-	O	O
6840803	O	O
,	O	O
answer	O	O
-	O	O
6840856	O	O
ThreadLocal	B-api_mention	O
Question	O	O
-	O	O
9749746	O	O
How	O	O
do	O	O
atomic	B-api_mention	O
/	O	O
atomic	B-api_mention	O
atomic	B-api_mention	O
atomic	B-api_mention	O
Question	O	O
-	O	O
8579657	O	O
,	O	O
answer	O	O
-	O	O
19629304	O	O
Question	O	O
-	O	O
5263187	O	O
,	O	O
answer	O	O
-	O	O
5263201	O	O
Question	O	O
-	O	O
14846920	O	O
,	O	O
answer	O	O
-	O	O
14846963	O	O
Question	O	O
-	O	O
9510125	O	O
,	O	O
answer	O	O
-	O	O
9511880	O	O
Component	O	B-api_mention
repaint	O	B-api_mention
(	O	I-api_mention
)	O	I-api_mention
.	O	I-api_mention
Question	O	O
-	O	O
6271417	O	O
,	O	O
answer	O	O
-	O	O
6271460	O	O
Question	O	O
-	O	O
22463062	O	O
,	O	O
answer	O	O
-	O	O
28324294	O	O
Question	O	O
-	O	O
25168062	O	O
Why	O	O
is	O	O
i	O	O
+	O	O
Question	O	O
-	O	O
7348711	O	O
,	O	O
answer	O	O
-	O	O
7800008	O	O
gethostname	O	B-api_mention
(	O	I-api_mention
args	O	I-api_mention
)	O	I-api_mention
